0 info it worked if it ends with ok
1 verbose cli [ 'node',
1 verbose cli   '/usr/local/bin/npm',
1 verbose cli   'install',
1 verbose cli   'grunt-wiredep',
1 verbose cli   '--save-dev' ]
2 info using npm@1.3.11
3 info using node@v0.10.20
4 warn package.json prontoimprese@0.0.0 No description
5 warn package.json prontoimprese@0.0.0 No repository field.
6 warn package.json prontoimprese@0.0.0 No README data
7 verbose readDependencies using package.json deps
8 verbose cache add [ 'grunt-wiredep', null ]
9 verbose cache add name=undefined spec="grunt-wiredep" args=["grunt-wiredep",null]
10 verbose parsed url { protocol: null,
10 verbose parsed url   slashes: null,
10 verbose parsed url   auth: null,
10 verbose parsed url   host: null,
10 verbose parsed url   port: null,
10 verbose parsed url   hostname: null,
10 verbose parsed url   hash: null,
10 verbose parsed url   search: null,
10 verbose parsed url   query: null,
10 verbose parsed url   pathname: 'grunt-wiredep',
10 verbose parsed url   path: 'grunt-wiredep',
10 verbose parsed url   href: 'grunt-wiredep' }
11 silly lockFile 8ef1d8e8-grunt-wiredep grunt-wiredep
12 verbose lock grunt-wiredep /Users/derrybirkett/.npm/8ef1d8e8-grunt-wiredep.lock
13 silly lockFile 8ef1d8e8-grunt-wiredep grunt-wiredep
14 silly lockFile 8ef1d8e8-grunt-wiredep grunt-wiredep
15 verbose addNamed [ 'grunt-wiredep', '' ]
16 verbose addNamed [ null, '*' ]
17 silly lockFile d82d026b-grunt-wiredep grunt-wiredep@
18 verbose lock grunt-wiredep@ /Users/derrybirkett/.npm/d82d026b-grunt-wiredep.lock
19 silly addNameRange { name: 'grunt-wiredep', range: '*', hasData: false }
20 verbose url raw grunt-wiredep
21 verbose url resolving [ 'https://registry.npmjs.org/', './grunt-wiredep' ]
22 verbose url resolved https://registry.npmjs.org/grunt-wiredep
23 info trying registry request attempt 1 at 10:53:27
24 http GET https://registry.npmjs.org/grunt-wiredep
25 info retry will retry, error on last attempt: Error: getaddrinfo ENOTFOUND
26 info trying registry request attempt 2 at 10:54:07
27 http GET https://registry.npmjs.org/grunt-wiredep
28 info retry will retry, error on last attempt: Error: getaddrinfo ENOTFOUND
29 info trying registry request attempt 3 at 10:55:22
30 http GET https://registry.npmjs.org/grunt-wiredep
31 silly lockFile d82d026b-grunt-wiredep grunt-wiredep@
32 silly lockFile d82d026b-grunt-wiredep grunt-wiredep@
33 error network getaddrinfo ENOTFOUND
33 error network This is most likely not a problem with npm itself
33 error network and is related to network connectivity.
33 error network In most cases you are behind a proxy or have bad network settings.
33 error network
33 error network If you are behind a proxy, please make sure that the
33 error network 'proxy' config is set properly.  See: 'npm help config'
34 error System Darwin 13.1.0
35 error command "node" "/usr/local/bin/npm" "install" "grunt-wiredep" "--save-dev"
36 error cwd /Users/derrybirkett/Documents/monrif/prontoimprese
37 error node -v v0.10.20
38 error npm -v 1.3.11
39 error syscall getaddrinfo
40 error code ENOTFOUND
41 error errno ENOTFOUND
42 verbose exit [ 1, true ]
